This is pdfTeX, Version 3.14159265-2.6-1.40.21 (MiKTeX 2.9.7300 64-bit) (preloaded format=pdflatex 2020.3.30)  19 JUN 2020 11:09
entering extended mode
**c:/Users/Isaia/Desktop/PLL/Intro.tex
(c:/Users/Isaia/Desktop/PLL/Intro.tex
LaTeX2e <2020-02-02> patch level 2
L3 programming layer <2020-02-14> ("C:\Users\Isaia\AppData\Local\Programs\MiKTeX 2.9\tex/latex/base\article.cls"
Document Class: article 2019/12/20 v1.4l Standard LaTeX document class
("C:\Users\Isaia\AppData\Local\Programs\MiKTeX 2.9\tex/latex/base\size10.clo"
File: size10.clo 2019/12/20 v1.4l Standard LaTeX file (size option)
)
\c@part=\count167
\c@section=\count168
\c@subsection=\count169
\c@subsubsection=\count170
\c@paragraph=\count171
\c@subparagraph=\count172
\c@figure=\count173
\c@table=\count174
\abovecaptionskip=\skip47
\belowcaptionskip=\skip48
\bibindent=\dimen134
) ("C:\Users\Isaia\AppData\Local\Programs\MiKTeX 2.9\tex/latex/base\inputenc.sty"
Package: inputenc 2018/08/11 v1.3c Input encoding file
\inpenc@prehook=\toks14
\inpenc@posthook=\toks15
) ("C:\Users\Isaia\AppData\Local\Programs\MiKTeX 2.9\tex/latex/amsmath\amsmath.sty"
Package: amsmath 2020/01/20 v2.17e AMS math features
\@mathmargin=\skip49

For additional information on amsmath, use the `?' option.
("C:\Users\Isaia\AppData\Local\Programs\MiKTeX 2.9\tex/latex/amsmath\amstext.sty"
Package: amstext 2000/06/29 v2.01 AMS text
 ("C:\Users\Isaia\AppData\Local\Programs\MiKTeX 2.9\tex/latex/amsmath\amsgen.sty"
File: amsgen.sty 1999/11/30 v2.0 generic functions
\@emptytoks=\toks16
\ex@=\dimen135
)) ("C:\Users\Isaia\AppData\Local\Programs\MiKTeX 2.9\tex/latex/amsmath\amsbsy.sty"
Package: amsbsy 1999/11/29 v1.2d Bold Symbols
\pmbraise@=\dimen136
) ("C:\Users\Isaia\AppData\Local\Programs\MiKTeX 2.9\tex/latex/amsmath\amsopn.sty"
Package: amsopn 2016/03/08 v2.02 operator names
)
\inf@bad=\count175
LaTeX Info: Redefining \frac on input line 227.
\uproot@=\count176
\leftroot@=\count177
LaTeX Info: Redefining \overline on input line 389.
\classnum@=\count178
\DOTSCASE@=\count179
LaTeX Info: Redefining \ldots on input line 486.
LaTeX Info: Redefining \dots on input line 489.
LaTeX Info: Redefining \cdots on input line 610.
\Mathstrutbox@=\box45
\strutbox@=\box46
\big@size=\dimen137
LaTeX Font Info:    Redeclaring font encoding OML on input line 733.
LaTeX Font Info:    Redeclaring font encoding OMS on input line 734.
\macc@depth=\count180
\c@MaxMatrixCols=\count181
\dotsspace@=\muskip16
\c@parentequation=\count182
\dspbrk@lvl=\count183
\tag@help=\toks17
\row@=\count184
\column@=\count185
\maxfields@=\count186
\andhelp@=\toks18
\eqnshift@=\dimen138
\alignsep@=\dimen139
\tagshift@=\dimen140
\tagwidth@=\dimen141
\totwidth@=\dimen142
\lineht@=\dimen143
\@envbody=\toks19
\multlinegap=\skip50
\multlinetaggap=\skip51
\mathdisplay@stack=\toks20
LaTeX Info: Redefining \[ on input line 2859.
LaTeX Info: Redefining \] on input line 2860.
) ("C:\Users\Isaia\AppData\Local\Programs\MiKTeX 2.9\tex/latex/float\float.sty"
Package: float 2001/11/08 v1.3d Float enhancements (AL)
\c@float@type=\count187
\float@exts=\toks21
\float@box=\box47
\@float@everytoks=\toks22
\@floatcapt=\box48
) ("C:\Users\Isaia\AppData\Local\Programs\MiKTeX 2.9\tex/latex/graphics\graphicx.sty"
Package: graphicx 2019/11/30 v1.2a Enhanced LaTeX Graphics (DPC,SPQR)
 ("C:\Users\Isaia\AppData\Local\Programs\MiKTeX 2.9\tex/latex/graphics\keyval.sty"
Package: keyval 2014/10/28 v1.15 key=value parser (DPC)
\KV@toks@=\toks23
) ("C:\Users\Isaia\AppData\Local\Programs\MiKTeX 2.9\tex/latex/graphics\graphics.sty"
Package: graphics 2019/11/30 v1.4a Standard LaTeX Graphics (DPC,SPQR)
 ("C:\Users\Isaia\AppData\Local\Programs\MiKTeX 2.9\tex/latex/graphics\trig.sty"
Package: trig 2016/01/03 v1.10 sin cos tan (DPC)
) ("C:\Users\Isaia\AppData\Local\Programs\MiKTeX 2.9\tex/latex/graphics-cfg\graphics.cfg"
File: graphics.cfg 2016/06/04 v1.11 sample graphics configuration
)
Package graphics Info: Driver file: pdftex.def on input line 105.
 ("C:\Users\Isaia\AppData\Local\Programs\MiKTeX 2.9\tex/latex/graphics-def\pdftex.def"
File: pdftex.def 2018/01/08 v1.0l Graphics/color driver for pdftex
))
\Gin@req@height=\dimen144
\Gin@req@width=\dimen145
) ("C:\Users\Isaia\AppData\Local\Programs\MiKTeX 2.9\tex/latex/geometry\geometry.sty"
Package: geometry 2020/01/02 v5.9 Page Geometry
 ("C:\Users\Isaia\AppData\Local\Programs\MiKTeX 2.9\tex/generic/iftex\ifvtex.sty"
Package: ifvtex 2019/10/25 v1.7 ifvtex legacy package. Use iftex instead.
 ("C:\Users\Isaia\AppData\Local\Programs\MiKTeX 2.9\tex/generic/iftex\iftex.sty"
Package: iftex 2019/11/07 v1.0c TeX engine tests
))
\Gm@cnth=\count188
\Gm@cntv=\count189
\c@Gm@tempcnt=\count190
\Gm@bindingoffset=\dimen146
\Gm@wd@mp=\dimen147
\Gm@odd@mp=\dimen148
\Gm@even@mp=\dimen149
\Gm@layoutwidth=\dimen150
\Gm@layoutheight=\dimen151
\Gm@layouthoffset=\dimen152
\Gm@layoutvoffset=\dimen153
\Gm@dimlist=\toks24
 ("C:\Users\Isaia\AppData\Local\Programs\MiKTeX 2.9\tex/latex/geometry\geometry.cfg")) ("C:\Users\Isaia\AppData\Local\Programs\MiKTeX 2.9\tex/latex/l3backend\l3backend-pdfmode.def"
File: l3backend-pdfmode.def 2020-02-03 L3 backend support: PDF mode
\l__kernel_color_stack_int=\count191
\l__pdf_internal_box=\box49
) (c:/Users\Isaia\Desktop\PLL\build\Intro.aux)
\openout1 = `Intro.aux'.

LaTeX Font Info:    Checking defaults for OML/cmm/m/it on input line 13.
LaTeX Font Info:    ... okay on input line 13.
LaTeX Font Info:    Checking defaults for OMS/cmsy/m/n on input line 13.
LaTeX Font Info:    ... okay on input line 13.
LaTeX Font Info:    Checking defaults for OT1/cmr/m/n on input line 13.
LaTeX Font Info:    ... okay on input line 13.
LaTeX Font Info:    Checking defaults for T1/cmr/m/n on input line 13.
LaTeX Font Info:    ... okay on input line 13.
LaTeX Font Info:    Checking defaults for TS1/cmr/m/n on input line 13.
LaTeX Font Info:    ... okay on input line 13.
LaTeX Font Info:    Checking defaults for OMX/cmex/m/n on input line 13.
LaTeX Font Info:    ... okay on input line 13.
LaTeX Font Info:    Checking defaults for U/cmr/m/n on input line 13.
LaTeX Font Info:    ... okay on input line 13.
 ("C:\Users\Isaia\AppData\Local\Programs\MiKTeX 2.9\tex/context/base/mkii\supp-pdf.mkii"
[Loading MPS to PDF converter (version 2006.09.02).]
\scratchcounter=\count192
\scratchdimen=\dimen154
\scratchbox=\box50
\nofMPsegments=\count193
\nofMParguments=\count194
\everyMPshowfont=\toks25
\MPscratchCnt=\count195
\MPscratchDim=\dimen155
\MPnumerator=\count196
\makeMPintoPDFobject=\count197
\everyMPtoPDFconversion=\toks26
) ("C:\Users\Isaia\AppData\Local\Programs\MiKTeX 2.9\tex/latex/epstopdf-pkg\epstopdf-base.sty"
Package: epstopdf-base 2020-01-24 v2.11 Base part for package epstopdf
Package epstopdf-base Info: Redefining graphics rule for `.eps' on input line 485.
)
*geometry* driver: auto-detecting
*geometry* detected driver: pdftex
*geometry* verbose mode - [ preamble ] result:
* driver: pdftex
* paper: a4paper
* layout: <same size as paper>
* layoutoffset:(h,v)=(0.0pt,0.0pt)
* modes: 
* h-part:(L,W,R)=(56.9055pt, 483.69687pt, 56.9055pt)
* v-part:(T,H,B)=(56.9055pt, 731.23584pt, 56.9055pt)
* \paperwidth=597.50787pt
* \paperheight=845.04684pt
* \textwidth=483.69687pt
* \textheight=731.23584pt
* \oddsidemargin=-15.36449pt
* \evensidemargin=-15.36449pt
* \topmargin=-52.36449pt
* \headheight=12.0pt
* \headsep=25.0pt
* \topskip=10.0pt
* \footskip=30.0pt
* \marginparwidth=56.9055pt
* \marginparsep=11.0pt
* \columnsep=10.0pt
* \skip\footins=9.0pt plus 4.0pt minus 2.0pt
* \hoffset=0.0pt
* \voffset=0.0pt
* \mag=1000
* \@twocolumnfalse
* \@twosidefalse
* \@mparswitchfalse
* \@reversemarginfalse
* (1in=72.27pt=25.4mm, 1cm=28.453pt)


LaTeX Warning: Reference `def1' on page 1 undefined on input line 24.

Runaway argument?
{\caption {Funciones de entrada y diagrama en bloque.} \label {def1} \ETC.
c:/Users/Isaia/Desktop/PLL/Intro.tex:32: Paragraph ended before \Gin@ii was complete.
<to be read again> 
                   \par 
l.32 
     
I suspect you've forgotten a `}', causing me to apply this
control sequence to too much text. How can we recover?
My plan is to forget the whole thing and hope for the best.


LaTeX Warning: Command \textordmasculine invalid in math mode on input line 33.


LaTeX Warning: Command \textordmasculine invalid in math mode on input line 33.

Missing character: There is no ∫ in font cmr10!

LaTeX Warning: Command \textordmasculine invalid in math mode on input line 33.


LaTeX Warning: Command \textordmasculine invalid in math mode on input line 33.

Missing character: There is no ∫ in font cmr10!

LaTeX Warning: Command \textordmasculine invalid in math mode on input line 33.


LaTeX Warning: Command \textordmasculine invalid in math mode on input line 33.

Missing character: There is no ∫ in font cmr10!

LaTeX Warning: Reference `def2' on page 1 undefined on input line 33.


c:/Users/Isaia/Desktop/PLL/Intro.tex:35: LaTeX Error: Not in outer par mode.

See the LaTeX manual or LaTeX Companion for explanation.
Type  H <return>  for immediate help.
 ...                                              
                                                  
l.35 \begin{figure}[htbp]
                         
You've lost some text.  Try typing  <return>  to proceed.
If that doesn't work, type  X <return>  to quit.

Runaway argument?
{\caption {Salida del detector de fase} \label {def2} \end {figure} 
c:/Users/Isaia/Desktop/PLL/Intro.tex:41: Paragraph ended before \Gin@ii was complete.
<to be read again> 
                   \par 
l.41 
     
I suspect you've forgotten a `}', causing me to apply this
control sequence to too much text. How can we recover?
My plan is to forget the whole thing and hope for the best.


LaTeX Warning: Reference `vco1' on page 1 undefined on input line 43.


c:/Users/Isaia/Desktop/PLL/Intro.tex:45: LaTeX Error: Not in outer par mode.

See the LaTeX manual or LaTeX Companion for explanation.
Type  H <return>  for immediate help.
 ...                                              
                                                  
l.45 \begin{figure}[htbp]
                         
You've lost some text.  Try typing  <return>  to proceed.
If that doesn't work, type  X <return>  to quit.

Runaway argument?
{\caption {Diagrama en bloque del VCO.} \label {vco1} \end {figure} 
c:/Users/Isaia/Desktop/PLL/Intro.tex:51: Paragraph ended before \Gin@ii was complete.
<to be read again> 
                   \par 
l.51 
     
I suspect you've forgotten a `}', causing me to apply this
control sequence to too much text. How can we recover?
My plan is to forget the whole thing and hope for the best.


LaTeX Warning: Reference `' on page 1 undefined on input line 52.


c:/Users/Isaia/Desktop/PLL/Intro.tex:54: LaTeX Error: Not in outer par mode.

See the LaTeX manual or LaTeX Companion for explanation.
Type  H <return>  for immediate help.
 ...                                              
                                                  
l.54 \begin{figure}[htbp]
                         
You've lost some text.  Try typing  <return>  to proceed.
If that doesn't work, type  X <return>  to quit.

Runaway argument?
{\caption {Relaci√≥n voltaje de CD y frecuencia de salida.} \label {v\ETC.
c:/Users/Isaia/Desktop/PLL/Intro.tex:60: Paragraph ended before \Gin@ii was complete.
<to be read again> 
                   \par 
l.60 
     
I suspect you've forgotten a `}', causing me to apply this
control sequence to too much text. How can we recover?
My plan is to forget the whole thing and hope for the best.


LaTeX Warning: Reference `pll1' on page 1 undefined on input line 62.


c:/Users/Isaia/Desktop/PLL/Intro.tex:64: LaTeX Error: Not in outer par mode.

See the LaTeX manual or LaTeX Companion for explanation.
Type  H <return>  for immediate help.
 ...                                              
                                                  
l.64 \begin{figure}[htbp]
                         
You've lost some text.  Try typing  <return>  to proceed.
If that doesn't work, type  X <return>  to quit.

Runaway argument?
{\caption {Diagrama en bloque del PLL.} \label {pll1} \end {figure} E\ETC.
c:/Users/Isaia/Desktop/PLL/Intro.tex:73: Paragraph ended before \Gin@ii was complete.
<to be read again> 
                   \par 
l.73 
     
I suspect you've forgotten a `}', causing me to apply this
control sequence to too much text. How can we recover?
My plan is to forget the whole thing and hope for the best.


c:/Users/Isaia/Desktop/PLL/Intro.tex:74: LaTeX Error: Not in outer par mode.

See the LaTeX manual or LaTeX Companion for explanation.
Type  H <return>  for immediate help.
 ...                                              
                                                  
l.74 \begin{figure}[htbp]
                         
You've lost some text.  Try typing  <return>  to proceed.
If that doesn't work, type  X <return>  to quit.

Runaway argument?
{\caption {Fasores de la se√±al de entrada y VCO.} \label {pll2} \end \ETC.
c:/Users/Isaia/Desktop/PLL/Intro.tex:80: Paragraph ended before \Gin@ii was complete.
<to be read again> 
                   \par 
l.80 
     
I suspect you've forgotten a `}', causing me to apply this
control sequence to too much text. How can we recover?
My plan is to forget the whole thing and hope for the best.


LaTeX Warning: Reference `pll2' on page 1 undefined on input line 81.


LaTeX Warning: Command \' invalid in math mode on input line 91.

c:/Users/Isaia/Desktop/PLL/Intro.tex:91: Please use \mathaccent for accents in math mode.
\add@accent ... \let \ignorespaces \relax \accent 
                                                  #1 #2\egroup \spacefactor ...
l.91 B_L = f_{m√°
                 x} ‚Äì f_{m√≠n}
I'm changing \accent to \mathaccent here; wish me luck.
(Accents are not the same in formulas as they are in text.)

c:/Users/Isaia/Desktop/PLL/Intro.tex:91: You can't use `\spacefactor' in math mode.
\add@accent ... \accent #1 #2\egroup \spacefactor 
                                                  \accent@spacefactor 
l.91 B_L = f_{m√°
                 x} ‚Äì f_{m√≠n}
Sorry, but I'm not programmed to handle this case;
I'll just pretend that you didn't ask for it.
If you're in the wrong mode, you might be able to
return to the right one by typing `I}' or `I$' or `I\par'.


LaTeX Warning: Command \textendash invalid in math mode on input line 91.


LaTeX Warning: Command \' invalid in math mode on input line 91.

c:/Users/Isaia/Desktop/PLL/Intro.tex:91: Please use \mathaccent for accents in math mode.
\add@accent ... \let \ignorespaces \relax \accent 
                                                  #1 #2\egroup \spacefactor ...
l.91 B_L = f_{m√°x} ‚Äì f_{m√≠
                              n}
I'm changing \accent to \mathaccent here; wish me luck.
(Accents are not the same in formulas as they are in text.)

c:/Users/Isaia/Desktop/PLL/Intro.tex:91: Missing { inserted.
<to be read again> 
                   \begingroup 
l.91 B_L = f_{m√°x} ‚Äì f_{m√≠
                              n}
A left brace was mandatory here, so I've put one in.
You might want to delete and/or insert some corrections
so that I will find a matching right brace soon.
(If you're confused by all this, try typing `I}' now.)


LaTeX Warning: Command \i invalid in math mode on input line 91.

c:/Users/Isaia/Desktop/PLL/Intro.tex:91: You can't use `\spacefactor' in math mode.
\add@accent ... \accent #1 #2\egroup \spacefactor 
                                                  \accent@spacefactor 
l.91 B_L = f_{m√°x} ‚Äì f_{m√≠
                              n}
Sorry, but I'm not programmed to handle this case;
I'll just pretend that you didn't ask for it.
If you're in the wrong mode, you might be able to
return to the right one by typing `I}' or `I$' or `I\par'.

c:/Users/Isaia/Desktop/PLL/Intro.tex:92: You can't use `\eqno' in math mode.
\endmathdisplay@a ...\df@tag \@empty \else \veqno 
                                                  \alt@tag \df@tag \fi \ifx ...
l.92 \end{equation}
                   
Sorry, but I'm not programmed to handle this case;
I'll just pretend that you didn't ask for it.
If you're in the wrong mode, you might be able to
return to the right one by typing `I}' or `I$' or `I\par'.

c:/Users/Isaia/Desktop/PLL/Intro.tex:92: Missing } inserted.
<inserted text> 
                }
l.92 \end{equation}
                   
I've inserted something that you may have forgotten.
(See the <inserted text> above.)
With luck, this will get me unwedged. But if you
really didn't forget anything, try typing `2' now; then
my insertion and my current dilemma will both disappear.

Missing character: There is no Ë in font cmex7!
Missing character: There is no Ë in font cmex7!

LaTeX Warning: Command \' invalid in math mode on input line 94.

c:/Users/Isaia/Desktop/PLL/Intro.tex:94: Please use \mathaccent for accents in math mode.
\add@accent ... \let \ignorespaces \relax \accent 
                                                  #1 #2\egroup \spacefactor ...
l.94 Donde $f_{m√°
                  x}$ y $f_{m√≠n}$ son las frecuencias m√°xima y m√≠nima del...
I'm changing \accent to \mathaccent here; wish me luck.
(Accents are not the same in formulas as they are in text.)

c:/Users/Isaia/Desktop/PLL/Intro.tex:94: You can't use `\spacefactor' in math mode.
\add@accent ... \accent #1 #2\egroup \spacefactor 
                                                  \accent@spacefactor 
l.94 Donde $f_{m√°
                  x}$ y $f_{m√≠n}$ son las frecuencias m√°xima y m√≠nima del...
Sorry, but I'm not programmed to handle this case;
I'll just pretend that you didn't ask for it.
If you're in the wrong mode, you might be able to
return to the right one by typing `I}' or `I$' or `I\par'.

Missing character: There is no Ë in font cmex7!

LaTeX Warning: Command \' invalid in math mode on input line 94.

c:/Users/Isaia/Desktop/PLL/Intro.tex:94: Please use \mathaccent for accents in math mode.
\add@accent ... \let \ignorespaces \relax \accent 
                                                  #1 #2\egroup \spacefactor ...
l.94 Donde $f_{m√°x}$ y $f_{m√≠
                               n}$ son las frecuencias m√°xima y m√≠nima del...
I'm changing \accent to \mathaccent here; wish me luck.
(Accents are not the same in formulas as they are in text.)

c:/Users/Isaia/Desktop/PLL/Intro.tex:94: Missing { inserted.
<to be read again> 
                   \begingroup 
l.94 Donde $f_{m√°x}$ y $f_{m√≠
                               n}$ son las frecuencias m√°xima y m√≠nima del...
A left brace was mandatory here, so I've put one in.
You might want to delete and/or insert some corrections
so that I will find a matching right brace soon.
(If you're confused by all this, try typing `I}' now.)


LaTeX Warning: Command \i invalid in math mode on input line 94.

c:/Users/Isaia/Desktop/PLL/Intro.tex:94: You can't use `\spacefactor' in math mode.
\add@accent ... \accent #1 #2\egroup \spacefactor 
                                                  \accent@spacefactor 
l.94 Donde $f_{m√°x}$ y $f_{m√≠
                               n}$ son las frecuencias m√°xima y m√≠nima del...
Sorry, but I'm not programmed to handle this case;
I'll just pretend that you didn't ask for it.
If you're in the wrong mode, you might be able to
return to the right one by typing `I}' or `I$' or `I\par'.

c:/Users/Isaia/Desktop/PLL/Intro.tex:94: Missing } inserted.
<inserted text> 
                }
l.94 Donde $f_{m√°x}$ y $f_{m√≠n}$
                                   son las frecuencias m√°xima y m√≠nima del...
I've inserted something that you may have forgotten.
(See the <inserted text> above.)
With luck, this will get me unwedged. But if you
really didn't forget anything, try typing `2' now; then
my insertion and my current dilemma will both disappear.

Missing character: There is no Ë in font cmex7!

LaTeX Warning: Command \textendash invalid in math mode on input line 105.


LaTeX Warning: Reference `sal' on page 1 undefined on input line 111.


c:/Users/Isaia/Desktop/PLL/Intro.tex:113: LaTeX Error: Not in outer par mode.

See the LaTeX manual or LaTeX Companion for explanation.
Type  H <return>  for immediate help.
 ...                                              
                                                  
l.113 \begin{figure}[htbp]
                          
You've lost some text.  Try typing  <return>  to proceed.
If that doesn't work, type  X <return>  to quit.

Runaway argument?
{\caption {Diagrama en bloque modulador de FM.} \label {sal} \end {fi\ETC.
c:/Users/Isaia/Desktop/PLL/Intro.tex:119: Paragraph ended before \Gin@ii was complete.
<to be read again> 
                   \par 
l.119 
      
I suspect you've forgotten a `}', causing me to apply this
control sequence to too much text. How can we recover?
My plan is to forget the whole thing and hope for the best.


c:/Users/Isaia/Desktop/PLL/Intro.tex:124: LaTeX Error: \begin{figure} on input line 113 ended by \end{document}.

See the LaTeX manual or LaTeX Companion for explanation.
Type  H <return>  for immediate help.
 ...                                              
                                                  
l.124 \end{document}
                    
Your command was ignored.
Type  I <command> <return>  to replace it with another command,
or  <return>  to continue without it.

(c:/Users\Isaia\Desktop\PLL\build\Intro.aux)

LaTeX Warning: There were undefined references.

c:/Users/Isaia/Desktop/PLL/Intro.tex:124: You can't use `\end' in internal vertical mode.
\enddocument ... \endgroup \deadcycles \z@ \@@end 
                                                  
l.124 \end{document}
                    
Sorry, but I'm not programmed to handle this case;
I'll just pretend that you didn't ask for it.
If you're in the wrong mode, you might be able to
return to the right one by typing `I}' or `I$' or `I\par'.


c:/Users/Isaia/Desktop/PLL/Intro.tex:124: LaTeX Error: \begin{figure} on input line 113 ended by \end{document}.

See the LaTeX manual or LaTeX Companion for explanation.
Type  H <return>  for immediate help.
 ...                                              
                                                  
l.124 \end{document}
                    
Your command was ignored.
Type  I <command> <return>  to replace it with another command,
or  <return>  to continue without it.

c:/Users/Isaia/Desktop/PLL/Intro.tex:124: Missing } inserted.
<inserted text> 
                }
l.124 \end{document}
                    
I've inserted something that you may have forgotten.
(See the <inserted text> above.)
With luck, this will get me unwedged. But if you
really didn't forget anything, try typing `2' now; then
my insertion and my current dilemma will both disappear.

)
! Emergency stop.
<*> c:/Users/Isaia/Desktop/PLL/Intro.tex
                                        
*** (job aborted, no legal \end found)

 
Here is how much of TeX's memory you used:
 2395 strings out of 481556
 33868 string characters out of 2913869
 283058 words of memory out of 3000000
 17639 multiletter control sequences out of 15000+200000
 538404 words of font info for 45 fonts, out of 3000000 for 9000
 1141 hyphenation exceptions out of 8191
 30i,10n,25p,527b,687s stack positions out of 5000i,500n,10000p,200000b,50000s
!  ==> Fatal error occurred, no output PDF file produced!
